0 info it worked if it ends with ok
1 verbose cli [ 'E:\\Program Files\\nodejs\\node.exe',
1 verbose cli   'E:\\Program Files\\nodejs\\node_modules\\npm\\bin\\npm-cli.js',
1 verbose cli   'run',
1 verbose cli   'babel' ]
2 info using npm@3.10.10
3 info using node@v6.11.2
4 verbose run-script [ 'prebabel', 'babel', 'postbabel' ]
5 info lifecycle babel@1.0.0~prebabel: babel@1.0.0
6 silly lifecycle babel@1.0.0~prebabel: no script for prebabel, continuing
7 info lifecycle babel@1.0.0~babel: babel@1.0.0
8 verbose lifecycle babel@1.0.0~babel: unsafe-perm in lifecycle true
9 verbose lifecycle babel@1.0.0~babel: PATH: E:\Program Files\nodejs\node_modules\npm\bin\node-gyp-bin;C:\xampp\htdocs\Study\resources\views\es6\ES6Tooling\babel\node_modules\.bin;C:\ProgramData\Oracle\Java\javapath;C:\WINDOWS\system32;C:\WINDOWS;C:\WINDOWS\System32\Wbem;C:\WINDOWS\System32\WindowsPowerShell\v1.0\;C:\Program Files (x86)\AMD\ATI.ACE\Core-Static;C:\xampp\php;C:\ProgramData\ComposerSetup\bin;E:\Program Files\nodejs\;C:\Users\Lupo Solitario\AppData\Local\Microsoft\WindowsApps;C:\Users\Lupo Solitario\AppData\Roaming\Composer\vendor\bin;C:\Users\Lupo Solitario\AppData\Local\atom\bin;C:\Users\Lupo Solitario\AppData\Local\Microsoft\WindowsApps;C:\Users\Lupo Solitario\AppData\Roaming\npm
10 verbose lifecycle babel@1.0.0~babel: CWD: C:\xampp\htdocs\Study\resources\views\es6\ES6Tooling\babel
11 silly lifecycle babel@1.0.0~babel: Args: [ '/d /s /c',
11 silly lifecycle   'babel app.js --watch --out-file app-complied.js' ]
12 verbose stack Error: kill ENOSYS
12 verbose stack     at exports._errnoException (util.js:1020:11)
12 verbose stack     at process.kill (internal/process.js:190:13)
12 verbose stack     at process.listener (E:\Program Files\nodejs\node_modules\npm\node_modules\npmlog\node_modules\gauge\node_modules\signal-exit\index.js:86:15)
12 verbose stack     at emitNone (events.js:91:20)
12 verbose stack     at process.emit (events.js:185:7)
12 verbose stack     at processEmit (E:\Program Files\nodejs\node_modules\npm\node_modules\npmlog\node_modules\gauge\node_modules\signal-exit\index.js:146:32)
12 verbose stack     at processEmit (E:\Program Files\nodejs\node_modules\npm\node_modules\npm-registry-client\node_modules\npmlog\node_modules\gauge\node_modules\signal-exit\index.js:146:32)
12 verbose stack     at Signal.wrap.onsignal (internal/process.js:217:44)
13 verbose cwd C:\xampp\htdocs\Study\resources\views\es6\ES6Tooling\babel
14 error Windows_NT 10.0.15063
15 error argv "E:\\Program Files\\nodejs\\node.exe" "E:\\Program Files\\nodejs\\node_modules\\npm\\bin\\npm-cli.js" "run" "babel"
16 error node v6.11.2
17 error npm  v3.10.10
18 error code ENOSYS
19 error errno ENOSYS
20 error syscall kill
21 error kill ENOSYS
22 error If you need help, you may report this error at:
22 error     <https://github.com/npm/npm/issues>
23 verbose exit [ 1, true ]
